<?xml version="1.0" encoding="UTF-8"?>
<!-- Generated by org.testng.reporters.JUnitReportReporter -->
<testsuite hostname="DESKTOP-41RRUB0" failures="0" tests="1" name="testscripts.TestCase5" time="34.137" errors="0" timestamp="2023-05-28T21:33:05 IST" skipped="0">
  <testcase classname="testscripts.TestCase5" name="Tc5" time="34.137"/>
  <system-out/>
</testsuite> <!-- testscripts.TestCase5 -->
