<?xml version="1.0" encoding="UTF-8"?>
<!-- Generated by org.testng.reporters.JUnitReportReporter -->
<testsuite hostname="DESKTOP-41RRUB0" failures="0" tests="1" name="testscripts.TestCase3" time="37.657" errors="0" timestamp="2023-06-03T17:23:39 IST" skipped="0">
  <testcase classname="testscripts.TestCase3" name="Tc3" time="37.657"/>
  <system-out/>
</testsuite> <!-- testscripts.TestCase3 -->
