<?xml version="1.0" encoding="UTF-8"?>
<!-- Generated by org.testng.reporters.JUnitReportReporter -->
<testsuite hostname="DESKTOP-41RRUB0" failures="0" tests="1" name="testscripts.TestCase1" time="13.258" errors="0" timestamp="2023-01-10T23:52:36 IST" skipped="0">
  <testcase classname="testscripts.TestCase1" name="tc1" time="13.258"/>
  <system-out/>
</testsuite> <!-- testscripts.TestCase1 -->
